/usr/lib/erlang/bin/escript rebar3 as prod tar
[0;32m===> Analyzing applications...
[0m[0;32m===> Compiling configure_deps
[0m[0;32m===> Verifying dependencies...
[0m[0;32m===> Analyzing applications...
[0m[0;32m===> Compiling ejabberd
[0m[0;32m===> Assembling release ejabberd-22.10...
[0m[0;35m===> There are missing function calls in the release.
[0m[0;35m===> Make sure all applications needed at runtime are included in the release.
[0m[0;35m===> ejabberd_auth_pam:check_password/4 calls undefined function epam:authenticate/3
[0m[0;35m===> ejabberd_auth_pam:user_exists/2 calls undefined function epam:acct_mgmt/2
[0m[0;35m===> ejabberd_redis:do_connect/6 calls undefined function eredis:start_link/6
[0m[0;35m===> ejabberd_redis:do_connect/6 calls undefined function eredis_sub:controlling_process/1
[0m[0;35m===> ejabberd_redis:do_connect/6 calls undefined function eredis_sub:start_link/6
[0m[0;35m===> ejabberd_redis:eredis_subscribe/2 calls undefined function eredis_sub:subscribe/2
[0m[0;35m===> ejabberd_redis:handle_info/2 calls undefined function eredis_sub:ack_message/1
[0m[0;35m===> ejabberd_sql:get_db_version/1 calls undefined function pgsql:squery/2
[0m[0;35m===> ejabberd_sql:handle_reconnect/2 calls undefined function pgsql:terminate/1
[0m[0;35m===> ejabberd_sql:handle_reconnect/2 calls undefined function sqlite3:close/1
[0m[0;35m===> ejabberd_sql:odbc_connect/2 calls undefined function odbc:connect/2
[0m[0;35m===> ejabberd_sql:pgsql_connect/8 calls undefined function pgsql:connect/1
[0m[0;35m===> ejabberd_sql:pgsql_execute_sql_query/2 calls undefined function pgsql:execute/3
[0m[0;35m===> ejabberd_sql:pgsql_prepare/2 calls undefined function pgsql:prepare/3
[0m[0;35m===> ejabberd_sql:sql_query_internal/1 calls undefined function odbc:sql_query/3
[0m[0;35m===> ejabberd_sql:sql_query_internal/1 calls undefined function pgsql:squery/3
[0m[0;35m===> ejabberd_sql:sql_query_internal/1 calls undefined function sqlite3:sql_exec/2
[0m[0;35m===> ejabberd_sql:sqlite_connect/1 calls undefined function sqlite3:open/2
[0m[0;35m===> ejabberd_sql:sqlite_connect/1 calls undefined function sqlite3:sql_exec/2
[0m[0;35m===> ejabberd_sql:sqlite_to_odbc/2 calls undefined function sqlite3:changes/1
[0m[0;35m===> ejabberd_sql:terminate/3 calls undefined function sqlite3:close/1
[0m[0;35m===> ejabberd_sql_sup:check_sqlite_db/1 calls undefined function sqlite3:close/1
[0m[0;35m===> ejabberd_sql_sup:check_sqlite_db/1 calls undefined function sqlite3:list_tables/1
[0m[0;35m===> ejabberd_sql_sup:check_sqlite_db/1 calls undefined function sqlite3:open/2
[0m[0;35m===> ejabberd_sql_sup:check_sqlite_db/1 calls undefined function sqlite3:sql_exec/2
[0m[0;35m===> ejabberd_sql_sup:create_sqlite_tables/1 calls undefined function sqlite3:sql_exec/2
[0m[0;35m===> prosody2ejabberd:eval_file/1 calls undefined function luerl:eval/2
[0m[0;35m===> prosody2ejabberd:eval_file/1 calls undefined function luerl:init/0
[0m[0;35m===> prosody2ejabberd:eval_file/1 calls undefined function luerl:set_table/3
[0m[0;35m===> Warnings generating release:
*WARNING* kernel: Source code not found: application.erl
*WARNING* kernel: Source code not found: application_controller.erl
*WARNING* kernel: Source code not found: application_master.erl
*WARNING* kernel: Source code not found: application_starter.erl
*WARNING* kernel: Source code not found: auth.erl
*WARNING* kernel: Source code not found: code.erl
*WARNING* kernel: Source code not found: code_server.erl
*WARNING* kernel: Source code not found: dist_util.erl
*WARNING* kernel: Source code not found: erl_boot_server.erl
*WARNING* kernel: Source code not found: erl_compile_server.erl
*WARNING* kernel: Source code not found: erl_distribution.erl
*WARNING* kernel: Source code not found: erl_erts_errors.erl
*WARNING* kernel: Source code not found: erl_reply.erl
*WARNING* kernel: Source code not found: erl_kernel_errors.erl
*WARNING* kernel: Source code not found: erl_signal_handler.erl
*WARNING* kernel: Source code not found: erpc.erl
*WARNING* kernel: Source code not found: error_handler.erl
*WARNING* kernel: Source code not found: error_logger.erl
*WARNING* kernel: Source code not found: file.erl
*WARNING* kernel: Source code not found: file_server.erl
*WARNING* kernel: Source code not found: file_io_server.erl
*WARNING* kernel: Source code not found: global.erl
*WARNING* kernel: Source code not found: global_group.erl
*WARNING* kernel: Source code not found: global_search.erl
*WARNING* kernel: Source code not found: group.erl
*WARNING* kernel: Source code not found: group_history.erl
*WARNING* kernel: Source code not found: heart.erl
*WARNING* kernel: Source code not found: inet6_tcp.erl
*WARNING* kernel: Source code not found: inet6_tcp_dist.erl
*WARNING* kernel: Source code not found: inet6_udp.erl
*WARNING* kernel: Source code not found: inet6_sctp.erl
*WARNING* kernel: Source code not found: inet_config.erl
*WARNING* kernel: Source code not found: inet_hosts.erl
*WARNING* kernel: Source code not found: inet_gethost_native.erl
*WARNING* kernel: Source code not found: inet_tcp_dist.erl
*WARNING* kernel: Source code not found: kernel.erl
*WARNING* kernel: Source code not found: kernel_config.erl
*WARNING* kernel: Source code not found: kernel_refc.erl
*WARNING* kernel: Source code not found: local_tcp.erl
*WARNING* kernel: Source code not found: local_udp.erl
*WARNING* kernel: Source code not found: logger.erl
*WARNING* kernel: Source code not found: logger_backend.erl
*WARNING* kernel: Source code not found: logger_config.erl
*WARNING* kernel: Source code not found: logger_disk_log_h.erl
*WARNING* kernel: Source code not found: logger_filters.erl
*WARNING* kernel: Source code not found: logger_formatter.erl
*WARNING* kernel: Source code not found: logger_h_common.erl
*WARNING* kernel: Source code not found: logger_handler_watcher.erl
*WARNING* kernel: Source code not found: logger_olp.erl
*WARNING* kernel: Source code not found: logger_proxy.erl
*WARNING* kernel: Source code not found: logger_server.erl
*WARNING* kernel: Source code not found: logger_simple_h.erl
*WARNING* kernel: Source code not found: logger_std_h.erl
*WARNING* kernel: Source code not found: logger_sup.erl
*WARNING* kernel: Source code not found: net.erl
*WARNING* kernel: Source code not found: net_adm.erl
*WARNING* kernel: Source code not found: net_kernel.erl
*WARNING* kernel: Source code not found: os.erl
*WARNING* kernel: Source code not found: ram_file.erl
*WARNING* kernel: Source code not found: rpc.erl
*WARNING* kernel: Source code not found: user.erl
*WARNING* kernel: Source code not found: user_drv.erl
*WARNING* kernel: Source code not found: user_sup.erl
*WARNING* kernel: Source code not found: disk_log.erl
*WARNING* kernel: Source code not found: disk_log_1.erl
*WARNING* kernel: Source code not found: disk_log_server.erl
*WARNING* kernel: Source code not found: disk_log_sup.erl
*WARNING* kernel: Source code not found: dist_ac.erl
*WARNING* kernel: Source code not found: erl_ddll.erl
*WARNING* kernel: Source code not found: erl_epmd.erl
*WARNING* kernel: Source code not found: erts_debug.erl
*WARNING* kernel: Source code not found: gen_tcp.erl
*WARNING* kernel: Source code not found: gen_tcp_socket.erl
*WARNING* kernel: Source code not found: gen_udp.erl
*WARNING* kernel: Source code not found: gen_udp_socket.erl
*WARNING* kernel: Source code not found: gen_sctp.erl
*WARNING* kernel: Source code not found: inet.erl
*WARNING* kernel: Source code not found: inet_db.erl
*WARNING* kernel: Source code not found: inet_dns.erl
*WARNING* kernel: Source code not found: inet_parse.erl
*WARNING* kernel: Source code not found: inet_res.erl
*WARNING* kernel: Source code not found: inet_tcp.erl
*WARNING* kernel: Source code not found: inet_udp.erl
*WARNING* kernel: Source code not found: inet_sctp.erl
*WARNING* kernel: Source code not found: pg.erl
*WARNING* kernel: Source code not found: pg2.erl
*WARNING* kernel: Source code not found: raw_file_io.erl
*WARNING* kernel: Source code not found: raw_file_io_compressed.erl
*WARNING* kernel: Source code not found: raw_file_io_deflate.erl
*WARNING* kernel: Source code not found: raw_file_io_delayed.erl
*WARNING* kernel: Source code not found: raw_file_io_inflate.erl
*WARNING* kernel: Source code not found: raw_file_io_list.erl
*WARNING* kernel: Source code not found: seq_trace.erl
*WARNING* kernel: Source code not found: socket.erl
*WARNING* kernel: Source code not found: standard_error.erl
*WARNING* kernel: Source code not found: wrap_log_reader.erl
*WARNING* stdlib: Source code not found: array.erl
*WARNING* stdlib: Source code not found: base64.erl
*WARNING* stdlib: Source code not found: beam_lib.erl
*WARNING* stdlib: Source code not found: binary.erl
*WARNING* stdlib: Source code not found: c.erl
*WARNING* stdlib: Source code not found: calendar.erl
*WARNING* stdlib: Source code not found: dets.erl
*WARNING* stdlib: Source code not found: dets_server.erl
*WARNING* stdlib: Source code not found: dets_sup.erl
*WARNING* stdlib: Source code not found: dets_utils.erl
*WARNING* stdlib: Source code not found: dets_v9.erl
*WARNING* stdlib: Source code not found: dict.erl
*WARNING* stdlib: Source code not found: digraph.erl
*WARNING* stdlib: Source code not found: digraph_utils.erl
*WARNING* stdlib: Source code not found: edlin.erl
*WARNING* stdlib: Source code not found: edlin_expand.erl
*WARNING* stdlib: Source code not found: epp.erl
*WARNING* stdlib: Source code not found: eval_bits.erl
*WARNING* stdlib: Source code not found: erl_abstract_code.erl
*WARNING* stdlib: Source code not found: erl_anno.erl
*WARNING* stdlib: Source code not found: erl_bits.erl
*WARNING* stdlib: Source code not found: erl_compile.erl
*WARNING* stdlib: Source code not found: erl_error.erl
*WARNING* stdlib: Source code not found: erl_eval.erl
*WARNING* stdlib: Source code not found: erl_expand_records.erl
*WARNING* stdlib: Source code not found: erl_features.erl
*WARNING* stdlib: Source code not found: erl_internal.erl
*WARNING* stdlib: Source code not found: erl_lint.erl
*WARNING* stdlib: Source code not found: erl_parse.erl
*WARNING* stdlib: Source code not found: erl_posix_msg.erl
*WARNING* stdlib: Source code not found: erl_pp.erl
*WARNING* stdlib: Source code not found: erl_scan.erl
*WARNING* stdlib: Source code not found: erl_stdlib_errors.erl
*WARNING* stdlib: Source code not found: erl_tar.erl
*WARNING* stdlib: Source code not found: error_logger_file_h.erl
*WARNING* stdlib: Source code not found: error_logger_tty_h.erl
*WARNING* stdlib: Source code not found: escript.erl
*WARNING* stdlib: Source code not found: ets.erl
*WARNING* stdlib: Source code not found: file_sorter.erl
*WARNING* stdlib: Source code not found: filelib.erl
*WARNING* stdlib: Source code not found: filename.erl
*WARNING* stdlib: Source code not found: gb_trees.erl
*WARNING* stdlib: Source code not found: gb_sets.erl
*WARNING* stdlib: Source code not found: gen.erl
*WARNING* stdlib: Source code not found: gen_event.erl
*WARNING* stdlib: Source code not found: gen_fsm.erl
*WARNING* stdlib: Source code not found: gen_server.erl
*WARNING* stdlib: Source code not found: gen_statem.erl
*WARNING* stdlib: Source code not found: io.erl
*WARNING* stdlib: Source code not found: io_lib.erl
*WARNING* stdlib: Source code not found: io_lib_format.erl
*WARNING* stdlib: Source code not found: io_lib_fread.erl
*WARNING* stdlib: Source code not found: io_lib_pretty.erl
*WARNING* stdlib: Source code not found: lists.erl
*WARNING* stdlib: Source code not found: log_mf_h.erl
*WARNING* stdlib: Source code not found: maps.erl
*WARNING* stdlib: Source code not found: math.erl
*WARNING* stdlib: Source code not found: ms_transform.erl
*WARNING* stdlib: Source code not found: orddict.erl
*WARNING* stdlib: Source code not found: ordsets.erl
*WARNING* stdlib: Source code not found: otp_internal.erl
*WARNING* stdlib: Source code not found: peer.erl
*WARNING* stdlib: Source code not found: pool.erl
*WARNING* stdlib: Source code not found: proc_lib.erl
*WARNING* stdlib: Source code not found: proplists.erl
*WARNING* stdlib: Source code not found: qlc.erl
*WARNING* stdlib: Source code not found: qlc_pt.erl
*WARNING* stdlib: Source code not found: queue.erl
*WARNING* stdlib: Source code not found: rand.erl
*WARNING* stdlib: Source code not found: random.erl
*WARNING* stdlib: Source code not found: re.erl
*WARNING* stdlib: Source code not found: sets.erl
*WARNING* stdlib: Source code not found: shell.erl
*WARNING* stdlib: Source code not found: shell_default.erl
*WARNING* stdlib: Source code not found: shell_docs.erl
*WARNING* stdlib: Source code not found: slave.erl
*WARNING* stdlib: Source code not found: sofs.erl
*WARNING* stdlib: Source code not found: string.erl
*WARNING* stdlib: Source code not found: supervisor.erl
*WARNING* stdlib: Source code not found: supervisor_bridge.erl
*WARNING* stdlib: Source code not found: sys.erl
*WARNING* stdlib: Source code not found: timer.erl
*WARNING* stdlib: Source code not found: unicode.erl
*WARNING* stdlib: Source code not found: unicode_util.erl
*WARNING* stdlib: Source code not found: uri_string.erl
*WARNING* stdlib: Source code not found: win32reg.erl
*WARNING* stdlib: Source code not found: zip.erl
*WARNING* sasl: Source code not found: sasl.erl
*WARNING* sasl: Source code not found: alarm_handler.erl
*WARNING* sasl: Source code not found: format_lib_supp.erl
*WARNING* sasl: Source code not found: misc_supp.erl
*WARNING* sasl: Source code not found: rb.erl
*WARNING* sasl: Source code not found: rb_format_supp.erl
*WARNING* sasl: Source code not found: release_handler.erl
*WARNING* sasl: Source code not found: release_handler_1.erl
*WARNING* sasl: Source code not found: erlsrv.erl
*WARNING* sasl: Source code not found: sasl_report.erl
*WARNING* sasl: Source code not found: sasl_report_tty_h.erl
*WARNING* sasl: Source code not found: sasl_report_file_h.erl
*WARNING* sasl: Source code not found: systools.erl
*WARNING* sasl: Source code not found: systools_make.erl
*WARNING* sasl: Source code not found: systools_rc.erl
*WARNING* sasl: Source code not found: systools_relup.erl
*WARNING* sasl: Source code not found: systools_lib.erl
*WARNING* crypto: Source code not found: crypto.erl
*WARNING* crypto: Source code not found: crypto_ec_curves.erl
*WARNING* asn1: Source code not found: asn1rt_nif.erl
*WARNING* public_key: Source code not found: public_key.erl
*WARNING* public_key: Source code not found: pubkey_pem.erl
*WARNING* public_key: Source code not found: pubkey_pbe.erl
*WARNING* public_key: Source code not found: pubkey_ssh.erl
*WARNING* public_key: Source code not found: pubkey_cert.erl
*WARNING* public_key: Source code not found: pubkey_cert_records.erl
*WARNING* public_key: Source code not found: pubkey_crl.erl
*WARNING* public_key: Source code not found: pubkey_ocsp.erl
*WARNING* public_key: Source code not found: pubkey_os_cacerts.erl
*WARNING* public_key: Source code not found: 'OTP-PUB-KEY'.erl
*WARNING* public_key: Source code not found: 'PKCS-FRAME'.erl
*WARNING* ssl: Source code not found: tls_connection.erl
*WARNING* ssl: Source code not found: tls_connection_1_3.erl
*WARNING* ssl: Source code not found: tls_handshake.erl
*WARNING* ssl: Source code not found: tls_handshake_1_3.erl
*WARNING* ssl: Source code not found: tls_record.erl
*WARNING* ssl: Source code not found: tls_record_1_3.erl
*WARNING* ssl: Source code not found: tls_socket.erl
*WARNING* ssl: Source code not found: tls_v1.erl
*WARNING* ssl: Source code not found: tls_connection_sup.erl
*WARNING* ssl: Source code not found: tls_gen_connection.erl
*WARNING* ssl: Source code not found: tls_sender.erl
*WARNING* ssl: Source code not found: tls_server_sup.erl
*WARNING* ssl: Source code not found: tls_server_session_ticket_sup.erl
*WARNING* ssl: Source code not found: tls_server_session_ticket.erl
*WARNING* ssl: Source code not found: tls_sup.erl
*WARNING* ssl: Source code not found: tls_dyn_connection_sup.erl
*WARNING* ssl: Source code not found: ssl_dh_groups.erl
*WARNING* ssl: Source code not found: dtls_connection.erl
*WARNING* ssl: Source code not found: dtls_handshake.erl
*WARNING* ssl: Source code not found: dtls_record.erl
*WARNING* ssl: Source code not found: dtls_socket.erl
*WARNING* ssl: Source code not found: dtls_v1.erl
*WARNING* ssl: Source code not found: dtls_connection_sup.erl
*WARNING* ssl: Source code not found: dtls_gen_connection.erl
*WARNING* ssl: Source code not found: dtls_packet_demux.erl
*WARNING* ssl: Source code not found: dtls_listener_sup.erl
*WARNING* ssl: Source code not found: dtls_sup.erl
*WARNING* ssl: Source code not found: dtls_server_sup.erl
*WARNING* ssl: Source code not found: dtls_server_session_cache_sup.erl
*WARNING* ssl: Source code not found: ssl.erl
*WARNING* ssl: Source code not found: ssl_session_cache_api.erl
*WARNING* ssl: Source code not found: tls_dtls_connection.erl
*WARNING* ssl: Source code not found: ssl_config.erl
*WARNING* ssl: Source code not found: ssl_gen_statem.erl
*WARNING* ssl: Source code not found: ssl_handshake.erl
*WARNING* ssl: Source code not found: ssl_record.erl
*WARNING* ssl: Source code not found: ssl_cipher.erl
*WARNING* ssl: Source code not found: ssl_cipher_format.erl
*WARNING* ssl: Source code not found: ssl_srp_primes.erl
*WARNING* ssl: Source code not found: ssl_alert.erl
*WARNING* ssl: Source code not found: ssl_listen_tracker_sup.erl
*WARNING* ssl: Source code not found: tls_bloom_filter.erl
*WARNING* ssl: Source code not found: tls_client_ticket_store.erl
*WARNING* ssl: Source code not found: inet_tls_dist.erl
*WARNING* ssl: Source code not found: inet6_tls_dist.erl
*WARNING* ssl: Source code not found: ssl_dist_sup.erl
*WARNING* ssl: Source code not found: ssl_dist_connection_sup.erl
*WARNING* ssl: Source code not found: ssl_dist_admin_sup.erl
*WARNING* ssl: Source code not found: tls_dist_sup.erl
*WARNING* ssl: Source code not found: tls_dist_server_sup.erl
*WARNING* ssl: Source code not found: ssl_session.erl
*WARNING* ssl: Source code not found: ssl_client_session_cache_db.erl
*WARNING* ssl: Source code not found: ssl_server_session_cache.erl
*WARNING* ssl: Source code not found: ssl_server_session_cache_db.erl
*WARNING* ssl: Source code not found: ssl_server_session_cache_sup.erl
*WARNING* ssl: Source code not found: ssl_upgrade_server_session_cache_sup.erl
*WARNING* ssl: Source code not found: ssl_manager.erl
*WARNING* ssl: Source code not found: ssl_pem_cache.erl
*WARNING* ssl: Source code not found: ssl_pkix_db.erl
*WARNING* ssl: Source code not found: ssl_certificate.erl
*WARNING* ssl: Source code not found: ssl_crl.erl
*WARNING* ssl: Source code not found: ssl_crl_cache.erl
*WARNING* ssl: Source code not found: ssl_crl_cache_api.erl
*WARNING* ssl: Source code not found: ssl_crl_hash_dir.erl
*WARNING* ssl: Source code not found: ssl_logger.erl
*WARNING* ssl: Source code not found: ssl_app.erl
*WARNING* ssl: Source code not found: ssl_sup.erl
*WARNING* ssl: Source code not found: ssl_admin_sup.erl
*WARNING* ssl: Source code not found: ssl_connection_sup.erl
*WARNING* syntax_tools: Source code not found: epp_dodger.erl
*WARNING* syntax_tools: Source code not found: erl_comment_scan.erl
*WARNING* syntax_tools: Source code not found: erl_prettypr.erl
*WARNING* syntax_tools: Source code not found: erl_recomment.erl
*WARNING* syntax_tools: Source code not found: erl_syntax.erl
*WARNING* syntax_tools: Source code not found: erl_syntax_lib.erl
*WARNING* syntax_tools: Source code not found: merl.erl
*WARNING* syntax_tools: Source code not found: merl_transform.erl
*WARNING* syntax_tools: Source code not found: prettypr.erl
*WARNING* compiler: Source code not found: beam_a.erl
*WARNING* compiler: Source code not found: beam_asm.erl
*WARNING* compiler: Source code not found: beam_bounds.erl
*WARNING* compiler: Source code not found: beam_block.erl
*WARNING* compiler: Source code not found: beam_call_types.erl
*WARNING* compiler: Source code not found: beam_clean.erl
*WARNING* compiler: Source code not found: beam_dict.erl
*WARNING* compiler: Source code not found: beam_digraph.erl
*WARNING* compiler: Source code not found: beam_disasm.erl
*WARNING* compiler: Source code not found: beam_flatten.erl
*WARNING* compiler: Source code not found: beam_jump.erl
*WARNING* compiler: Source code not found: beam_kernel_to_ssa.erl
*WARNING* compiler: Source code not found: beam_listing.erl
*WARNING* compiler: Source code not found: beam_opcodes.erl
*WARNING* compiler: Source code not found: beam_ssa.erl
*WARNING* compiler: Source code not found: beam_ssa_bc_size.erl
*WARNING* compiler: Source code not found: beam_ssa_bool.erl
*WARNING* compiler: Source code not found: beam_ssa_bsm.erl
*WARNING* compiler: Source code not found: beam_ssa_codegen.erl
*WARNING* compiler: Source code not found: beam_ssa_dead.erl
*WARNING* compiler: Source code not found: beam_ssa_lint.erl
*WARNING* compiler: Source code not found: beam_ssa_opt.erl
*WARNING* compiler: Source code not found: beam_ssa_pp.erl
*WARNING* compiler: Source code not found: beam_ssa_pre_codegen.erl
*WARNING* compiler: Source code not found: beam_ssa_recv.erl
*WARNING* compiler: Source code not found: beam_ssa_share.erl
*WARNING* compiler: Source code not found: beam_ssa_throw.erl
*WARNING* compiler: Source code not found: beam_ssa_type.erl
*WARNING* compiler: Source code not found: beam_trim.erl
*WARNING* compiler: Source code not found: beam_types.erl
*WARNING* compiler: Source code not found: beam_utils.erl
*WARNING* compiler: Source code not found: beam_validator.erl
*WARNING* compiler: Source code not found: beam_z.erl
*WARNING* compiler: Source code not found: cerl.erl
*WARNING* compiler: Source code not found: cerl_clauses.erl
*WARNING* compiler: Source code not found: cerl_inline.erl
*WARNING* compiler: Source code not found: cerl_trees.erl
*WARNING* compiler: Source code not found: compile.erl
*WARNING* compiler: Source code not found: core_scan.erl
*WARNING* compiler: Source code not found: core_lint.erl
*WARNING* compiler: Source code not found: core_parse.erl
*WARNING* compiler: Source code not found: core_pp.erl
*WARNING* compiler: Source code not found: core_lib.erl
*WARNING* compiler: Source code not found: erl_bifs.erl
*WARNING* compiler: Source code not found: rec_env.erl
*WARNING* compiler: Source code not found: sys_core_alias.erl
*WARNING* compiler: Source code not found: sys_core_bsm.erl
*WARNING* compiler: Source code not found: sys_core_fold.erl
*WARNING* compiler: Source code not found: sys_core_fold_lists.erl
*WARNING* compiler: Source code not found: sys_core_inline.erl
*WARNING* compiler: Source code not found: sys_core_prepare.erl
*WARNING* compiler: Source code not found: sys_messages.erl
*WARNING* compiler: Source code not found: sys_pre_attributes.erl
*WARNING* compiler: Source code not found: v3_core.erl
*WARNING* compiler: Source code not found: v3_kernel.erl
*WARNING* compiler: Source code not found: v3_kernel_pp.erl
*WARNING* inets: Source code not found: inets.erl
*WARNING* inets: Source code not found: inets_sup.erl
*WARNING* inets: Source code not found: inets_app.erl
*WARNING* inets: Source code not found: inets_service.erl
*WARNING* inets: Source code not found: inets_trace.erl
*WARNING* inets: Source code not found: inets_lib.erl
*WARNING* inets: Source code not found: httpc.erl
*WARNING* inets: Source code not found: httpc_handler.erl
*WARNING* inets: Source code not found: httpc_handler_sup.erl
*WARNING* inets: Source code not found: httpc_manager.erl
*WARNING* inets: Source code not found: httpc_profile_sup.erl
*WARNING* inets: Source code not found: httpc_request.erl
*WARNING* inets: Source code not found: httpc_response.erl
*WARNING* inets: Source code not found: httpc_sup.erl
*WARNING* inets: Source code not found: httpc_cookie.erl
*WARNING* inets: Source code not found: http_chunk.erl
*WARNING* inets: Source code not found: http_request.erl
*WARNING* inets: Source code not found: http_response.erl
*WARNING* inets: Source code not found: http_transport.erl
*WARNING* inets: Source code not found: http_util.erl
*WARNING* inets: Source code not found: http_uri.erl
*WARNING* inets: Source code not found: httpd.erl
*WARNING* inets: Source code not found: httpd_acceptor.erl
*WARNING* inets: Source code not found: httpd_acceptor_sup.erl
*WARNING* inets: Source code not found: httpd_cgi.erl
*WARNING* inets: Source code not found: httpd_connection_sup.erl
*WARNING* inets: Source code not found: httpd_conf.erl
*WARNING* inets: Source code not found: httpd_custom.erl
*WARNING* inets: Source code not found: httpd_custom_api.erl
*WARNING* inets: Source code not found: httpd_esi.erl
*WARNING* inets: Source code not found: httpd_example.erl
*WARNING* inets: Source code not found: httpd_file.erl
*WARNING* inets: Source code not found: httpd_instance_sup.erl
*WARNING* inets: Source code not found: httpd_log.erl
*WARNING* inets: Source code not found: httpd_logger.erl
*WARNING* inets: Source code not found: httpd_manager.erl
*WARNING* inets: Source code not found: httpd_misc_sup.erl
*WARNING* inets: Source code not found: httpd_request.erl
*WARNING* inets: Source code not found: httpd_request_handler.erl
*WARNING* inets: Source code not found: httpd_response.erl
*WARNING* inets: Source code not found: httpd_script_env.erl
*WARNING* inets: Source code not found: httpd_socket.erl
*WARNING* inets: Source code not found: httpd_sup.erl
*WARNING* inets: Source code not found: httpd_util.erl
*WARNING* inets: Source code not found: mod_actions.erl
*WARNING* inets: Source code not found: mod_alias.erl
*WARNING* inets: Source code not found: mod_auth.erl
*WARNING* inets: Source code not found: mod_auth_dets.erl
*WARNING* inets: Source code not found: mod_auth_mnesia.erl
*WARNING* inets: Source code not found: mod_auth_plain.erl
*WARNING* inets: Source code not found: mod_auth_server.erl
*WARNING* inets: Source code not found: mod_cgi.erl
*WARNING* inets: Source code not found: mod_dir.erl
*WARNING* inets: Source code not found: mod_disk_log.erl
*WARNING* inets: Source code not found: mod_esi.erl
*WARNING* inets: Source code not found: mod_get.erl
*WARNING* inets: Source code not found: mod_head.erl
*WARNING* inets: Source code not found: mod_log.erl
*WARNING* inets: Source code not found: mod_range.erl
*WARNING* inets: Source code not found: mod_responsecontrol.erl
*WARNING* inets: Source code not found: mod_security.erl
*WARNING* inets: Source code not found: mod_security_server.erl
*WARNING* inets: Source code not found: mod_trace.erl
*WARNING* mnesia: Source code not found: mnesia.erl
*WARNING* mnesia: Source code not found: mnesia_app.erl
*WARNING* mnesia: Source code not found: mnesia_backend_type.erl
*WARNING* mnesia: Source code not found: mnesia_backup.erl
*WARNING* mnesia: Source code not found: mnesia_bup.erl
*WARNING* mnesia: Source code not found: mnesia_checkpoint.erl
*WARNING* mnesia: Source code not found: mnesia_checkpoint_sup.erl
*WARNING* mnesia: Source code not found: mnesia_controller.erl
*WARNING* mnesia: Source code not found: mnesia_dumper.erl
*WARNING* mnesia: Source code not found: mnesia_event.erl
*WARNING* mnesia: Source code not found: mnesia_ext_sup.erl
*WARNING* mnesia: Source code not found: mnesia_frag.erl
*WARNING* mnesia: Source code not found: mnesia_frag_hash.erl
*WARNING* mnesia: Source code not found: mnesia_index.erl
*WARNING* mnesia: Source code not found: mnesia_kernel_sup.erl
*WARNING* mnesia: Source code not found: mnesia_late_loader.erl
*WARNING* mnesia: Source code not found: mnesia_lib.erl
*WARNING* mnesia: Source code not found: mnesia_loader.erl
*WARNING* mnesia: Source code not found: mnesia_locker.erl
*WARNING* mnesia: Source code not found: mnesia_log.erl
*WARNING* mnesia: Source code not found: mnesia_monitor.erl
*WARNING* mnesia: Source code not found: mnesia_recover.erl
*WARNING* mnesia: Source code not found: mnesia_registry.erl
*WARNING* mnesia: Source code not found: mnesia_rpc.erl
*WARNING* mnesia: Source code not found: mnesia_schema.erl
*WARNING* mnesia: Source code not found: mnesia_snmp_hook.erl
*WARNING* mnesia: Source code not found: mnesia_subscr.erl
*WARNING* mnesia: Source code not found: mnesia_sup.erl
*WARNING* mnesia: Source code not found: mnesia_sp.erl
*WARNING* mnesia: Source code not found: mnesia_text.erl
*WARNING* mnesia: Source code not found: mnesia_tm.erl
*WARNING* os_mon: Source code not found: os_mon.erl
*WARNING* os_mon: Source code not found: os_mon_mib.erl
*WARNING* os_mon: Source code not found: os_sup.erl
*WARNING* os_mon: Source code not found: disksup.erl
*WARNING* os_mon: Source code not found: memsup.erl
*WARNING* os_mon: Source code not found: cpu_sup.erl
*WARNING* os_mon: Source code not found: os_mon_sysinfo.erl
*WARNING* os_mon: Source code not found: nteventlog.erl
*WARNING* xmerl: Source code not found: xmerl.erl
*WARNING* xmerl: Source code not found: xmerl_b64Bin.erl
*WARNING* xmerl: Source code not found: xmerl_b64Bin_scan.erl
*WARNING* xmerl: Source code not found: xmerl_eventp.erl
*WARNING* xmerl: Source code not found: xmerl_html.erl
*WARNING* xmerl: Source code not found: xmerl_lib.erl
*WARNING* xmerl: Source code not found: xmerl_otpsgml.erl
*WARNING* xmerl: Source code not found: xmerl_regexp.erl
*WARNING* xmerl: Source code not found: xmerl_sax_parser.erl
*WARNING* xmerl: Source code not found: xmerl_sax_parser_list.erl
*WARNING* xmerl: Source code not found: xmerl_sax_parser_latin1.erl
*WARNING* xmerl: Source code not found: xmerl_sax_parser_utf8.erl
*WARNING* xmerl: Source code not found: xmerl_sax_parser_utf16be.erl
*WARNING* xmerl: Source code not found: xmerl_sax_parser_utf16le.erl
*WARNING* xmerl: Source code not found: xmerl_sax_simple_dom.erl
*WARNING* xmerl: Source code not found: xmerl_sax_old_dom.erl
*WARNING* xmerl: Source code not found: xmerl_scan.erl
*WARNING* xmerl: Source code not found: xmerl_sgml.erl
*WARNING* xmerl: Source code not found: xmerl_simple.erl
*WARNING* xmerl: Source code not found: xmerl_text.erl
*WARNING* xmerl: Source code not found: xmerl_ucs.erl
*WARNING* xmerl: Source code not found: xmerl_uri.erl
*WARNING* xmerl: Source code not found: xmerl_validate.erl
*WARNING* xmerl: Source code not found: xmerl_xlate.erl
*WARNING* xmerl: Source code not found: xmerl_xml.erl
*WARNING* xmerl: Source code not found: xmerl_xpath.erl
*WARNING* xmerl: Source code not found: xmerl_xpath_lib.erl
*WARNING* xmerl: Source code not found: xmerl_xpath_parse.erl
*WARNING* xmerl: Source code not found: xmerl_xpath_pred.erl
*WARNING* xmerl: Source code not found: xmerl_xpath_scan.erl
*WARNING* xmerl: Source code not found: xmerl_xs.erl
*WARNING* xmerl: Source code not found: xmerl_xsd.erl
*WARNING* xmerl: Source code not found: xmerl_xsd_type.erl
[0m[0;32m===> Release successfully assembled: _build/prod/rel/ejabberd
[0m[0;32m===> Building release tarball ejabberd-22.10.tar.gz...
[0m[0;32m===> Tarball successfully created: _build/prod/rel/ejabberd/ejabberd-22.10.tar.gz
[0m